<?xml version="1.0" encoding="UTF-8"?>
<testsuite xmlns:xsi="http://www.w3.org/2001/XMLSchema-instance" xsi:noNamespaceSchemaLocation="https://maven.apache.org/surefire/maven-surefire-plugin/xsd/surefire-test-report.xsd" name="com.testplatform.service.UserServiceTest" time="8.187" tests="5" errors="0" skipped="0" failures="0">
  <properties>
[...]
</properties>
  <testcase name="testLogin" classname="com.testplatform.service.UserServiceTest" time="2.384"/>
  <testcase name="testPasswordEncryption" classname="com.testplatform.service.UserServiceTest" time="0.258"/>
  <testcase name="testRegister" classname="com.testplatform.service.UserServiceTest" time="0.009"/>
  <testcase name="testUsernameExists" classname="com.testplatform.service.UserServiceTest" time="0.006"/>
  <testcase name="testEmailExists" classname="com.testplatform.service.UserServiceTest" time="0.004"/>
</testsuite>